# JRE version: OpenJDK Runtime Environment Temurin-21.0.11+10 (21.0.11+10) (build 21.0.11+10-LTS)
# Java VM: OpenJDK 64-Bit Server VM Temurin-21.0.11+10 (21.0.11+10-LTS, mixed mode, sharing, tiered, compressed oops, compressed class ptrs, parallel gc, windows-amd64)
GC Precious Log:
 CardTable entry size: 512
 CPUs: 4 total, 4 available
 Memory: 3790M
 Large Page Support: Disabled
 NUMA Support: Disabled
 Compressed Oops: Enabled (32-bit)
 Alignments: Space 512K, Generation 512K, Heap 2M
 Heap Min Capacity: 100M
 Heap Initial Capacity: 100M
 Heap Max Capacity: 2G
 Pre-touch: Disabled
 Parallel Workers: 4
Heap:
 PSYoungGen      total 10240K, used 9765K [0x00000000d5580000, 0x00000000d6600000, 0x0000000100000000)
  eden space 5632K, 92% used [0x00000000d5580000,0x00000000d5a90590,0x00000000d5b00000)
  from space 4608K, 99% used [0x00000000d6180000,0x00000000d65f9230,0x00000000d6600000)
  to   space 5120K, 0% used [0x00000000d5c00000,0x00000000d5c00000,0x00000000d6100000)
 ParOldGen       total 842240K, used 842086K [0x0000000080000000, 0x00000000b3680000, 0x00000000d5580000)
  object space 842240K, 99% used [0x0000000080000000,0x00000000b3659a10,0x00000000b3680000)
 Metaspace       used 93350K, committed 95552K, reserved 1179648K
  class space    used 9751K, committed 10752K, reserved 1048576K
GC Heap History (20 events):
Event: 3550.063 GC heap before
{Heap before GC invocations=1787 (full 6):
 PSYoungGen      total 10240K, used 9997K [0x00000000d5580000, 0x00000000d6700000, 0x0000000100000000)
  eden space 4096K, 100% used [0x00000000d5580000,0x00000000d5980000,0x00000000d5980000)
  from space 6144K, 96% used [0x00000000d6100000,0x00000000d66c36e0,0x00000000d6700000)
  to   space 6144K, 0% used [0x00000000d5b00000,0x00000000d5b00000,0x00000000d6100000)
 ParOldGen       total 837632K, used 837208K [0x0000000080000000, 0x00000000b3200000, 0x00000000d5580000)
  object space 837632K, 99% used [0x0000000080000000,0x00000000b3196180,0x00000000b3200000)
 Metaspace       used 93300K, committed 95424K, reserved 1179648K
  class space    used 9751K, committed 10752K, reserved 1048576K
}
Event: 3550.069 GC heap after
{Heap after GC invocations=1787 (full 6):
 PSYoungGen      total 10752K, used 5650K [0x00000000d5580000, 0x00000000d6600000, 0x0000000100000000)
  eden space 4608K, 0% used [0x00000000d5580000,0x00000000d5580000,0x00000000d5a00000)
  from space 6144K, 91% used [0x00000000d5b00000,0x00000000d60849c8,0x00000000d6100000)
  to   space 5120K, 0% used [0x00000000d6100000,0x00000000d6100000,0x00000000d6600000)
 ParOldGen       total 837632K, used 837488K [0x0000000080000000, 0x00000000b3200000, 0x00000000d5580000)
  object space 837632K, 99% used [0x0000000080000000,0x00000000b31dc180,0x00000000b3200000)
 Metaspace       used 93300K, committed 95424K, reserved 1179648K
  class space    used 9751K, committed 10752K, reserved 1048576K
}
Event: 3550.164 GC heap before
{Heap before GC invocations=1788 (full 6):
 PSYoungGen      total 10752K, used 10258K [0x00000000d5580000, 0x00000000d6600000, 0x0000000100000000)
  eden space 4608K, 100% used [0x00000000d5580000,0x00000000d5a00000,0x00000000d5a00000)
  from space 6144K, 91% used [0x00000000d5b00000,0x00000000d60849c8,0x00000000d6100000)
  to   space 5120K, 0% used [0x00000000d6100000,0x00000000d6100000,0x00000000d6600000)
 ParOldGen       total 837632K, used 837488K [0x0000000080000000, 0x00000000b3200000, 0x00000000d5580000)
  object space 837632K, 99% used [0x0000000080000000,0x00000000b31dc180,0x00000000b3200000)
 Metaspace       used 93303K, committed 95424K, reserved 1179648K
  class space    used 9751K, committed 10752K, reserved 1048576K
}
Event: 3550.178 GC heap after
{Heap after GC invocations=1788 (full 6):
 PSYoungGen      total 10240K, used 5097K [0x00000000d5580000, 0x00000000d6780000, 0x0000000100000000)
  eden space 5120K, 0% used [0x00000000d5580000,0x00000000d5580000,0x00000000d5a80000)
  from space 5120K, 99% used [0x00000000d6100000,0x00000000d65fa6c8,0x00000000d6600000)
  to   space 6656K, 0% used [0x00000000d5a80000,0x00000000d5a80000,0x00000000d6100000)
 ParOldGen       total 839168K, used 838822K [0x0000000080000000, 0x00000000b3380000, 0x00000000d5580000)
  object space 839168K, 99% used [0x0000000080000000,0x00000000b3329b60,0x00000000b3380000)
 Metaspace       used 93303K, committed 95424K, reserved 1179648K
  class space    used 9751K, committed 10752K, reserved 1048576K
}
Event: 3550.423 GC heap before
{Heap before GC invocations=1789 (full 6):
 PSYoungGen      total 10240K, used 10217K [0x00000000d5580000, 0x00000000d6780000, 0x0000000100000000)
  eden space 5120K, 100% used [0x00000000d5580000,0x00000000d5a80000,0x00000000d5a80000)
  from space 5120K, 99% used [0x00000000d6100000,0x00000000d65fa6c8,0x00000000d6600000)
  to   space 6656K, 0% used [0x00000000d5a80000,0x00000000d5a80000,0x00000000d6100000)
 ParOldGen       total 839168K, used 838822K [0x0000000080000000, 0x00000000b3380000, 0x00000000d5580000)
  object space 839168K, 99% used [0x0000000080000000,0x00000000b3329b60,0x00000000b3380000)
 Metaspace       used 93304K, committed 95424K, reserved 1179648K
  class space    used 9751K, committed 10752K, reserved 1048576K
}
Event: 3550.431 GC heap after
{Heap after GC invocations=1789 (full 6):
 PSYoungGen      total 11776K, used 6631K [0x00000000d5580000, 0x00000000d6c80000, 0x0000000100000000)
  eden space 5120K, 0% used [0x00000000d5580000,0x00000000d5580000,0x00000000d5a80000)
  from space 6656K, 99% used [0x00000000d5a80000,0x00000000d60f9c80,0x00000000d6100000)
  to   space 9216K, 0% used [0x00000000d6380000,0x00000000d6380000,0x00000000d6c80000)
 ParOldGen       total 841216K, used 840728K [0x0000000080000000, 0x00000000b3580000, 0x00000000d5580000)
  object space 841216K, 99% used [0x0000000080000000,0x00000000b35063c0,0x00000000b3580000)
 Metaspace       used 93304K, committed 95424K, reserved 1179648K
  class space    used 9751K, committed 10752K, reserved 1048576K
}
Event: 3550.492 GC heap before
{Heap before GC invocations=1790 (full 6):
 PSYoungGen      total 11776K, used 11751K [0x00000000d5580000, 0x00000000d6c80000, 0x0000000100000000)
  eden space 5120K, 100% used [0x00000000d5580000,0x00000000d5a80000,0x00000000d5a80000)
  from space 6656K, 99% used [0x00000000d5a80000,0x00000000d60f9c80,0x00000000d6100000)
  to   space 9216K, 0% used [0x00000000d6380000,0x00000000d6380000,0x00000000d6c80000)
 ParOldGen       total 841216K, used 840728K [0x0000000080000000, 0x00000000b3580000, 0x00000000d5580000)
  object space 841216K, 99% used [0x0000000080000000,0x00000000b35063c0,0x00000000b3580000)
 Metaspace       used 93304K, committed 95424K, reserved 1179648K
  class space    used 9751K, committed 10752K, reserved 1048576K
}
Event: 3550.498 GC heap after
{Heap after GC invocations=1790 (full 6):
 PSYoungGen      total 12800K, used 7130K [0x00000000d5580000, 0x00000000d6a80000, 0x0000000100000000)
  eden space 5632K, 0% used [0x00000000d5580000,0x00000000d5580000,0x00000000d5b00000)
  from space 7168K, 99% used [0x00000000d6380000,0x00000000d6a768a8,0x00000000d6a80000)
  to   space 7680K, 0% used [0x00000000d5b80000,0x00000000d5b80000,0x00000000d6300000)
 ParOldGen       total 841216K, used 840912K [0x0000000080000000, 0x00000000b3580000, 0x00000000d5580000)
  object space 841216K, 99% used [0x0000000080000000,0x00000000b35343e0,0x00000000b3580000)
 Metaspace       used 93304K, committed 95424K, reserved 1179648K
  class space    used 9751K, committed 10752K, reserved 1048576K
}
Event: 3550.551 GC heap before
{Heap before GC invocations=1791 (full 6):
 PSYoungGen      total 12800K, used 12762K [0x00000000d5580000, 0x00000000d6a80000, 0x0000000100000000)
  eden space 5632K, 100% used [0x00000000d5580000,0x00000000d5b00000,0x00000000d5b00000)
  from space 7168K, 99% used [0x00000000d6380000,0x00000000d6a768a8,0x00000000d6a80000)
  to   space 7680K, 0% used [0x00000000d5b80000,0x00000000d5b80000,0x00000000d6300000)
 ParOldGen       total 841216K, used 840912K [0x0000000080000000, 0x00000000b3580000, 0x00000000d5580000)
  object space 841216K, 99% used [0x0000000080000000,0x00000000b35343e0,0x00000000b3580000)
 Metaspace       used 93309K, committed 95424K, reserved 1179648K
  class space    used 9751K, committed 10752K, reserved 1048576K
}
Event: 3550.561 GC heap after
{Heap after GC invocations=1791 (full 6):
 PSYoungGen      total 13824K, used 7654K [0x00000000d5580000, 0x00000000d6c80000, 0x0000000100000000)
  eden space 6144K, 0% used [0x00000000d5580000,0x00000000d5580000,0x00000000d5b80000)
  from space 7680K, 99% used [0x00000000d5b80000,0x00000000d62f98d0,0x00000000d6300000)
  to   space 8704K, 0% used [0x00000000d6400000,0x00000000d6400000,0x00000000d6c80000)
 ParOldGen       total 841728K, used 841392K [0x0000000080000000, 0x00000000b3600000, 0x00000000d5580000)
  object space 841728K, 99% used [0x0000000080000000,0x00000000b35ac3e0,0x00000000b3600000)
 Metaspace       used 93309K, committed 95424K, reserved 1179648K
  class space    used 9751K, committed 10752K, reserved 1048576K
}
Event: 3550.591 GC heap before
{Heap before GC invocations=1792 (full 6):
 PSYoungGen      total 13824K, used 13798K [0x00000000d5580000, 0x00000000d6c80000, 0x0000000100000000)
  eden space 6144K, 100% used [0x00000000d5580000,0x00000000d5b80000,0x00000000d5b80000)
  from space 7680K, 99% used [0x00000000d5b80000,0x00000000d62f98d0,0x00000000d6300000)
  to   space 8704K, 0% used [0x00000000d6400000,0x00000000d6400000,0x00000000d6c80000)
 ParOldGen       total 841728K, used 841392K [0x0000000080000000, 0x00000000b3600000, 0x00000000d5580000)
  object space 841728K, 99% used [0x0000000080000000,0x00000000b35ac3e0,0x00000000b3600000)
 Metaspace       used 93309K, committed 95424K, reserved 1179648K
  class space    used 9751K, committed 10752K, reserved 1048576K
}
Event: 3550.600 GC heap after
{Heap after GC invocations=1792 (full 6):
 PSYoungGen      total 14336K, used 8690K [0x00000000d5580000, 0x00000000d6e00000, 0x0000000100000000)
  eden space 5632K, 0% used [0x00000000d5580000,0x00000000d5580000,0x00000000d5b00000)
  from space 8704K, 99% used [0x00000000d6400000,0x00000000d6c7cb78,0x00000000d6c80000)
  to   space 9216K, 0% used [0x00000000d5b00000,0x00000000d5b00000,0x00000000d6400000)
 ParOldGen       total 841728K, used 841568K [0x0000000080000000, 0x00000000b3600000, 0x00000000d5580000)
  object space 841728K, 99% used [0x0000000080000000,0x00000000b35d83f0,0x00000000b3600000)
 Metaspace       used 93309K, committed 95424K, reserved 1179648K
  class space    used 9751K, committed 10752K, reserved 1048576K
}
Event: 3678.660 GC heap before
{Heap before GC invocations=1793 (full 6):
 PSYoungGen      total 14336K, used 14322K [0x00000000d5580000, 0x00000000d6e00000, 0x0000000100000000)
  eden space 5632K, 100% used [0x00000000d5580000,0x00000000d5b00000,0x00000000d5b00000)
  from space 8704K, 99% used [0x00000000d6400000,0x00000000d6c7cb78,0x00000000d6c80000)
  to   space 9216K, 0% used [0x00000000d5b00000,0x00000000d5b00000,0x00000000d6400000)
 ParOldGen       total 841728K, used 841568K [0x0000000080000000, 0x00000000b3600000, 0x00000000d5580000)
  object space 841728K, 99% used [0x0000000080000000,0x00000000b35d83f0,0x00000000b3600000)
 Metaspace       used 93314K, committed 95488K, reserved 1179648K
  class space    used 9751K, committed 10752K, reserved 1048576K
}
Event: 3679.678 GC heap after
{Heap after GC invocations=1793 (full 6):
 PSYoungGen      total 10240K, used 4240K [0x00000000d5580000, 0x00000000d6780000, 0x0000000100000000)
  eden space 5632K, 0% used [0x00000000d5580000,0x00000000d5580000,0x00000000d5b00000)
  from space 4608K, 92% used [0x00000000d5b00000,0x00000000d5f24010,0x00000000d5f80000)
  to   space 6144K, 0% used [0x00000000d6180000,0x00000000d6180000,0x00000000d6780000)
 ParOldGen       total 841728K, used 841646K [0x0000000080000000, 0x00000000b3600000, 0x00000000d5580000)
  object space 841728K, 99% used [0x0000000080000000,0x00000000b35eb960,0x00000000b3600000)
 Metaspace       used 93314K, committed 95488K, reserved 1179648K
  class space    used 9751K, committed 10752K, reserved 1048576K
}
Event: 3680.571 GC heap before
{Heap before GC invocations=1794 (full 6):
 PSYoungGen      total 10240K, used 9872K [0x00000000d5580000, 0x00000000d6780000, 0x0000000100000000)
  eden space 5632K, 99% used [0x00000000d5580000,0x00000000d5affff8,0x00000000d5b00000)
  from space 4608K, 92% used [0x00000000d5b00000,0x00000000d5f24010,0x00000000d5f80000)
  to   space 6144K, 0% used [0x00000000d6180000,0x00000000d6180000,0x00000000d6780000)
 ParOldGen       total 841728K, used 841646K [0x0000000080000000, 0x00000000b3600000, 0x00000000d5580000)
  object space 841728K, 99% used [0x0000000080000000,0x00000000b35eb960,0x00000000b3600000)
 Metaspace       used 93327K, committed 95488K, reserved 1179648K
  class space    used 9751K, committed 10752K, reserved 1048576K
}
Event: 3680.603 GC heap after
{Heap after GC invocations=1794 (full 6):
 PSYoungGen      total 11264K, used 5385K [0x00000000d5580000, 0x00000000d6700000, 0x0000000100000000)
  eden space 5632K, 0% used [0x00000000d5580000,0x00000000d5580000,0x00000000d5b00000)
  from space 5632K, 95% used [0x00000000d6180000,0x00000000d66c2420,0x00000000d6700000)
  to   space 5632K, 0% used [0x00000000d5c00000,0x00000000d5c00000,0x00000000d6180000)
 ParOldGen       total 841728K, used 841646K [0x0000000080000000, 0x00000000b3600000, 0x00000000d5580000)
  object space 841728K, 99% used [0x0000000080000000,0x00000000b35eb960,0x00000000b3600000)
 Metaspace       used 93327K, committed 95488K, reserved 1179648K
  class space    used 9751K, committed 10752K, reserved 1048576K
}
Event: 3683.726 GC heap before
{Heap before GC invocations=1795 (full 6):
 PSYoungGen      total 11264K, used 10981K [0x00000000d5580000, 0x00000000d6700000, 0x0000000100000000)
  eden space 5632K, 99% used [0x00000000d5580000,0x00000000d5af7078,0x00000000d5b00000)
  from space 5632K, 95% used [0x00000000d6180000,0x00000000d66c2420,0x00000000d6700000)
  to   space 5632K, 0% used [0x00000000d5c00000,0x00000000d5c00000,0x00000000d6180000)
 ParOldGen       total 841728K, used 841646K [0x0000000080000000, 0x00000000b3600000, 0x00000000d5580000)
  object space 841728K, 99% used [0x0000000080000000,0x00000000b35eb960,0x00000000b3600000)
 Metaspace       used 93331K, committed 95488K, reserved 1179648K
  class space    used 9751K, committed 10752K, reserved 1048576K
}
Event: 3683.754 GC heap after
{Heap after GC invocations=1795 (full 6):
 PSYoungGen      total 11264K, used 5630K [0x00000000d5580000, 0x00000000d6700000, 0x0000000100000000)
  eden space 5632K, 0% used [0x00000000d5580000,0x00000000d5580000,0x00000000d5b00000)
  from space 5632K, 99% used [0x00000000d5c00000,0x00000000d617fb68,0x00000000d6180000)
  to   space 5632K, 0% used [0x00000000d6180000,0x00000000d6180000,0x00000000d6700000)
 ParOldGen       total 842240K, used 841886K [0x0000000080000000, 0x00000000b3680000, 0x00000000d5580000)
  object space 842240K, 99% used [0x0000000080000000,0x00000000b3627960,0x00000000b3680000)
 Metaspace       used 93331K, committed 95488K, reserved 1179648K
  class space    used 9751K, committed 10752K, reserved 1048576K
}
Event: 3683.942 GC heap before
{Heap before GC invocations=1796 (full 6):
 PSYoungGen      total 11264K, used 11220K [0x00000000d5580000, 0x00000000d6700000, 0x0000000100000000)
  eden space 5632K, 99% used [0x00000000d5580000,0x00000000d5af57b0,0x00000000d5b00000)
  from space 5632K, 99% used [0x00000000d5c00000,0x00000000d617fb68,0x00000000d6180000)
  to   space 5632K, 0% used [0x00000000d6180000,0x00000000d6180000,0x00000000d6700000)
 ParOldGen       total 842240K, used 841886K [0x0000000080000000, 0x00000000b3680000, 0x00000000d5580000)
  object space 842240K, 99% used [0x0000000080000000,0x00000000b3627960,0x00000000b3680000)
 Metaspace       used 93331K, committed 95488K, reserved 1179648K
  class space    used 9751K, committed 10752K, reserved 1048576K
}
Event: 3683.962 GC heap after
{Heap after GC invocations=1796 (full 6):
 PSYoungGen      total 10240K, used 4580K [0x00000000d5580000, 0x00000000d6600000, 0x0000000100000000)
  eden space 5632K, 0% used [0x00000000d5580000,0x00000000d5580000,0x00000000d5b00000)
  from space 4608K, 99% used [0x00000000d6180000,0x00000000d65f9230,0x00000000d6600000)
  to   space 5120K, 0% used [0x00000000d5c00000,0x00000000d5c00000,0x00000000d6100000)
 ParOldGen       total 842240K, used 842086K [0x0000000080000000, 0x00000000b3680000, 0x00000000d5580000)
  object space 842240K, 99% used [0x0000000080000000,0x00000000b3659a10,0x00000000b3680000)
 Metaspace       used 93331K, committed 95488K, reserved 1179648K
  class space    used 9751K, committed 10752K, reserved 1048576K
}

